<?xml version="1.0" encoding="UTF-8"?>
<!-- Generated by org.testng.reporters.JUnitXMLReporter -->
<testsuite ignored="0" hostname="DESKTOP-1IC6BFS" failures="0" tests="4" name="Surefire test" time="1.482" errors="0" timestamp="2024-11-22T19:03:37 EST">
  <testcase classname="com.umr.apitesting.test.FrameworkSetupTest" name="testConfigurationLoading" time="0.007"/>
  <testcase classname="com.umr.apitesting.test.FrameworkSetupTest" name="testRestClient" time="1.356"/>
  <testcase classname="com.umr.apitesting.test.FrameworkSetupTest" name="testTestContext" time="0.001"/>
  <testcase classname="com.umr.apitesting.test.SetupVerificationTest" name="verifySetup" time="0.075"/>
</testsuite> <!-- Surefire test -->
