<?xml version="1.0" encoding="UTF-8"?>
<!-- Generated by org.testng.reporters.JUnitXMLReporter -->
<testsuite ignored="0" hostname="DESKTOP-1IC6BFS" failures="0" tests="3" name="Default test" time="1.369" errors="0" timestamp="2024-11-22T19:03:47 EST">
  <testcase classname="com.umr.apitesting.test.FrameworkSetupTest" name="testConfigurationLoading" time="0.009"/>
  <testcase classname="com.umr.apitesting.test.FrameworkSetupTest" name="testRestClient" time="1.303"/>
  <testcase classname="com.umr.apitesting.test.FrameworkSetupTest" name="testTestContext" time="0.002"/>
</testsuite> <!-- Default test -->
