2024-11-27 08:42:49.861 [main] INFO  com.umr.apitesting.utils.LoggerUtil - Initialized ExtentReports at: reports/TestReport_20241127_084248.html
2024-11-27 08:42:49.873 [main] INFO  com.umr.apitesting.utils.LoggerUtil - Loaded configuration for environment: dev
2024-11-27 08:42:49.874 [main] INFO  com.umr.apitesting.utils.LoggerUtil - Starting test execution in dev environment
2024-11-27 08:42:50.323 [main] INFO  com.umr.apitesting.utils.LoggerUtil - Successfully initialized workbook: src/main/resources/testdata/TestSuite.xlsx
2024-11-27 08:42:50.331 [main] INFO  com.umr.apitesting.utils.LoggerUtil - Found 1 test cases to execute
2024-11-27 08:42:50.341 [pool-2-thread-1] INFO  com.umr.apitesting.utils.LoggerUtil - Executing test: TC001 - Get Posts
2024-11-27 08:42:50.381 [pool-2-thread-1] INFO  com.umr.apitesting.utils.LoggerUtil - Successfully initialized workbook: src/main/resources/testdata/TestSuite.xlsx
2024-11-27 08:42:50.388 [pool-2-thread-1] INFO  com.umr.apitesting.utils.LoggerUtil - Test Data: {TestID=TC001, Endpoint=/posts/1, Headers=Content-Type: application/json, ValidationPath=title, ExpectedValue=sunt aut facere, BaseURL=https://jsonplaceholder.typicode.com, Method=GET, ExpectedStatus=200.0, RequestBody=}
2024-11-27 08:42:50.388 [pool-2-thread-1] INFO  com.umr.apitesting.utils.LoggerUtil - Conteext Data: 200.0
2024-11-27 08:42:50.418 [pool-2-thread-1] INFO  com.umr.apitesting.utils.LoggerUtil - Successfully initialized workbook: src/main/resources/testdata/TestSuite.xlsx
2024-11-27 08:42:50.422 [pool-2-thread-1] INFO  com.umr.apitesting.utils.LoggerUtil - Executing test: TC001
2024-11-27 08:42:50.423 [pool-2-thread-1] INFO  com.umr.apitesting.utils.LoggerUtil - Test data: https://jsonplaceholder.typicode.com/posts/1
2024-11-27 08:42:50.423 [pool-2-thread-1] INFO  com.umr.apitesting.utils.LoggerUtil - Executing keyword: GET
2024-11-27 08:42:50.423 [pool-2-thread-1] INFO  com.umr.apitesting.utils.LoggerUtil - Current context: null
2024-11-27 08:42:50.423 [pool-2-thread-1] INFO  com.umr.apitesting.utils.LoggerUtil - Executing keyword: GET
2024-11-27 08:42:50.845 [pool-2-thread-1] INFO  com.umr.apitesting.utils.LoggerUtil - Making request to: https://jsonplaceholder.typicode.com/posts/1
2024-11-27 08:42:50.845 [pool-2-thread-1] INFO  com.umr.apitesting.utils.LoggerUtil - Headers: {Content-Type=application/json}
2024-11-27 08:42:50.877 [pool-2-thread-1] INFO  com.umr.apitesting.utils.LoggerUtil - Executing GET request to https://jsonplaceholder.typicode.com/posts/1
2024-11-27 08:42:51.740 [pool-2-thread-1] INFO  com.umr.apitesting.utils.LoggerUtil - Response Status: 200
2024-11-27 08:42:51.764 [pool-2-thread-1] INFO  com.umr.apitesting.utils.LoggerUtil - Response Status Code: 200
2024-11-27 08:42:51.764 [pool-2-thread-1] INFO  com.umr.apitesting.utils.LoggerUtil - Response Body: {
  "userId": 1,
  "id": 1,
  "title": "sunt aut facere repellat provident occaecati excepturi optio reprehenderit",
  "body": "quia et suscipit\nsuscipit recusandae consequuntur expedita et cum\nreprehenderit molestiae ut ut quas totam\nnostrum rerum est autem sunt rem eveniet architecto"
}
2024-11-27 08:42:51.764 [pool-2-thread-1] INFO  com.umr.apitesting.utils.LoggerUtil - Executing keyword: VERIFY_STATUS
2024-11-27 08:42:51.764 [pool-2-thread-1] INFO  com.umr.apitesting.utils.LoggerUtil - Current context: null
2024-11-27 08:42:51.764 [pool-2-thread-1] INFO  com.umr.apitesting.utils.LoggerUtil - Executing keyword: VERIFY_STATUS
2024-11-27 08:42:51.765 [pool-2-thread-1] INFO  com.umr.apitesting.utils.LoggerUtil - Status code validation: Expected=200, Actual=200
2024-11-27 08:42:51.765 [pool-2-thread-1] INFO  com.umr.apitesting.utils.LoggerUtil - Executing keyword: VERIFY_JSON_PATH
2024-11-27 08:42:51.765 [pool-2-thread-1] INFO  com.umr.apitesting.utils.LoggerUtil - Current context: null
2024-11-27 08:42:51.765 [pool-2-thread-1] INFO  com.umr.apitesting.utils.LoggerUtil - Executing keyword: VERIFY_JSON_PATH
2024-11-27 08:42:51.765 [pool-2-thread-1] INFO  com.umr.apitesting.utils.LoggerUtil - Validating JSON Path:
2024-11-27 08:42:51.765 [pool-2-thread-1] INFO  com.umr.apitesting.utils.LoggerUtil - Path: title
2024-11-27 08:42:51.765 [pool-2-thread-1] INFO  com.umr.apitesting.utils.LoggerUtil - Expected Value: sunt aut facere
2024-11-27 08:42:51.766 [pool-2-thread-1] INFO  com.umr.apitesting.utils.LoggerUtil - Response Body: {
  "userId": 1,
  "id": 1,
  "title": "sunt aut facere repellat provident occaecati excepturi optio reprehenderit",
  "body": "quia et suscipit\nsuscipit recusandae consequuntur expedita et cum\nreprehenderit molestiae ut ut quas totam\nnostrum rerum est autem sunt rem eveniet architecto"
}
2024-11-27 08:42:52.200 [pool-2-thread-1] INFO  com.umr.apitesting.utils.LoggerUtil - Actual value found: sunt aut facere repellat provident occaecati excepturi optio reprehenderit
2024-11-27 08:42:52.201 [pool-2-thread-1] INFO  com.umr.apitesting.utils.LoggerUtil - JSON path validation PASSED
2024-11-27 08:42:52.201 [pool-2-thread-1] INFO  com.umr.apitesting.utils.LoggerUtil - Verified that 'sunt aut facere repellat provident occaecati excepturi optio reprehenderit' contains 'sunt aut facere'
2024-11-27 08:42:52.208 [pool-2-thread-1] INFO  com.umr.apitesting.utils.LoggerUtil - Test TC001 PASSED
2024-11-27 08:42:52.208 [main] INFO  com.umr.apitesting.utils.LoggerUtil - 
=== Test Execution Summary ===
2024-11-27 08:42:52.208 [main] INFO  com.umr.apitesting.utils.LoggerUtil - Total Tests: 1
2024-11-27 08:42:52.209 [main] INFO  com.umr.apitesting.utils.LoggerUtil - Passed: 1
2024-11-27 08:42:52.209 [main] INFO  com.umr.apitesting.utils.LoggerUtil - Failed: 0
2024-11-27 08:42:52.210 [main] INFO  com.umr.apitesting.utils.LoggerUtil - Success Rate: 100.00%
2024-11-27 08:42:52.623 [main] INFO  com.umr.apitesting.utils.LoggerUtil - Report generated: reports/TestReport_20241127_084248.html
2024-11-27 10:05:43.244 [main] ERROR com.umr.apitesting.utils.LoggerUtil - Failed to initialize ExtentReports
java.lang.RuntimeException: Environment not set. Call loadEnvironmentConfig first.
	at com.umr.apitesting.core.config.ConfigManager.getProperty(ConfigManager.java:32) ~[classes/:?]
	at com.umr.apitesting.reporting.ExtentReportManager.initializeReport(ExtentReportManager.java:48) [classes/:?]
	at com.umr.apitesting.TestRunner.main(TestRunner.java:20) [classes/:?]
2024-11-27 10:05:43.260 [main] INFO  com.umr.apitesting.utils.LoggerUtil - Loaded configuration for environment: dev
2024-11-27 10:05:43.260 [main] INFO  com.umr.apitesting.utils.LoggerUtil - Starting test execution in dev environment
2024-11-27 10:05:43.771 [main] INFO  com.umr.apitesting.utils.LoggerUtil - Successfully initialized workbook: src/main/resources/testdata/TestSuite.xlsx
2024-11-27 10:05:43.779 [main] INFO  com.umr.apitesting.utils.LoggerUtil - Found 1 test cases to execute
2024-11-27 10:05:43.783 [pool-2-thread-1] INFO  com.umr.apitesting.utils.LoggerUtil - Executing test: TC001 - Get Posts
2024-11-27 10:05:43.846 [pool-2-thread-1] INFO  com.umr.apitesting.utils.LoggerUtil - Successfully initialized workbook: src/main/resources/testdata/TestSuite.xlsx
2024-11-27 10:05:43.851 [pool-2-thread-1] INFO  com.umr.apitesting.utils.LoggerUtil - Test Data: {TestID=TC001, Endpoint=/posts/1, Headers=Content-Type: application/json, ValidationPath=title, ExpectedValue=sunt aut facere, BaseURL=https://jsonplaceholder.typicode.com, Method=GET, ExpectedStatus=200.0, RequestBody=}
2024-11-27 10:05:43.851 [pool-2-thread-1] INFO  com.umr.apitesting.utils.LoggerUtil - Conteext Data: 200.0
2024-11-27 10:05:43.882 [pool-2-thread-1] INFO  com.umr.apitesting.utils.LoggerUtil - Successfully initialized workbook: src/main/resources/testdata/TestSuite.xlsx
2024-11-27 10:05:43.887 [pool-2-thread-1] INFO  com.umr.apitesting.utils.LoggerUtil - Keywords for test TC001: [VERIFY_STATUS, GET, VERIFY_JSON_PATH, Get and verify post details]
2024-11-27 10:05:43.887 [pool-2-thread-1] INFO  com.umr.apitesting.utils.LoggerUtil - Executing test: TC001
2024-11-27 10:05:43.888 [pool-2-thread-1] INFO  com.umr.apitesting.utils.LoggerUtil - Test data: https://jsonplaceholder.typicode.com/posts/1
2024-11-27 10:05:43.888 [pool-2-thread-1] INFO  com.umr.apitesting.utils.LoggerUtil - Executing keyword: VERIFY_STATUS
2024-11-27 10:05:43.888 [pool-2-thread-1] INFO  com.umr.apitesting.utils.LoggerUtil - Current context: null
2024-11-27 10:05:43.888 [pool-2-thread-1] INFO  com.umr.apitesting.utils.LoggerUtil - Executing keyword: VERIFY_STATUS
2024-11-27 10:05:43.894 [pool-2-thread-1] ERROR com.umr.apitesting.utils.LoggerUtil - Status verification failed
java.lang.NullPointerException: Cannot invoke "io.restassured.response.Response.getStatusCode()" because "response" is null
	at com.umr.apitesting.keywords.BaseKeywords.verifyStatus(BaseKeywords.java:114) ~[classes/:?]
	at jdk.internal.reflect.DirectMethodHandleAccessor.invoke(DirectMethodHandleAccessor.java:103) ~[?:?]
	at java.lang.reflect.Method.invoke(Method.java:580) ~[?:?]
	at com.umr.apitesting.core.executor.KeywordExecutor.executeKeyword(KeywordExecutor.java:40) ~[classes/:?]
	at com.umr.apitesting.core.executor.TestExecutor.executeTest(TestExecutor.java:37) ~[classes/:?]
	at com.umr.apitesting.core.executor.ParallelTestExecutor.executeTest(ParallelTestExecutor.java:50) ~[classes/:?]
	at com.umr.apitesting.core.executor.ParallelTestExecutor.lambda$0(ParallelTestExecutor.java:28) ~[classes/:?]
	at java.util.concurrent.Executors$RunnableAdapter.call(Executors.java:572) ~[?:?]
	at java.util.concurrent.FutureTask.run(FutureTask.java:317) ~[?:?]
	at java.util.concurrent.ThreadPoolExecutor.runWorker(ThreadPoolExecutor.java:1144) ~[?:?]
	at java.util.concurrent.ThreadPoolExecutor$Worker.run(ThreadPoolExecutor.java:642) ~[?:?]
	at java.lang.Thread.run(Thread.java:1583) [?:?]
2024-11-27 10:05:43.900 [pool-2-thread-1] ERROR com.umr.apitesting.utils.LoggerUtil - Keyword execution failed: VERIFY_STATUS
2024-11-27 10:05:43.900 [pool-2-thread-1] ERROR com.umr.apitesting.utils.LoggerUtil - Test execution failed: TC001
java.lang.RuntimeException: Test failed at keyword: VERIFY_STATUS
	at com.umr.apitesting.core.executor.TestExecutor.executeTest(TestExecutor.java:40) ~[classes/:?]
	at com.umr.apitesting.core.executor.ParallelTestExecutor.executeTest(ParallelTestExecutor.java:50) ~[classes/:?]
	at com.umr.apitesting.core.executor.ParallelTestExecutor.lambda$0(ParallelTestExecutor.java:28) ~[classes/:?]
	at java.util.concurrent.Executors$RunnableAdapter.call(Executors.java:572) ~[?:?]
	at java.util.concurrent.FutureTask.run(FutureTask.java:317) ~[?:?]
	at java.util.concurrent.ThreadPoolExecutor.runWorker(ThreadPoolExecutor.java:1144) ~[?:?]
	at java.util.concurrent.ThreadPoolExecutor$Worker.run(ThreadPoolExecutor.java:642) ~[?:?]
	at java.lang.Thread.run(Thread.java:1583) [?:?]
2024-11-27 10:05:43.903 [pool-2-thread-1] ERROR com.umr.apitesting.utils.LoggerUtil - Test TC001 FAILED
java.lang.RuntimeException: Test execution failed
	at com.umr.apitesting.core.executor.TestExecutor.executeTest(TestExecutor.java:46) ~[classes/:?]
	at com.umr.apitesting.core.executor.ParallelTestExecutor.executeTest(ParallelTestExecutor.java:50) ~[classes/:?]
	at com.umr.apitesting.core.executor.ParallelTestExecutor.lambda$0(ParallelTestExecutor.java:28) ~[classes/:?]
	at java.util.concurrent.Executors$RunnableAdapter.call(Executors.java:572) ~[?:?]
	at java.util.concurrent.FutureTask.run(FutureTask.java:317) ~[?:?]
	at java.util.concurrent.ThreadPoolExecutor.runWorker(ThreadPoolExecutor.java:1144) ~[?:?]
	at java.util.concurrent.ThreadPoolExecutor$Worker.run(ThreadPoolExecutor.java:642) ~[?:?]
	at java.lang.Thread.run(Thread.java:1583) [?:?]
Caused by: java.lang.RuntimeException: Test failed at keyword: VERIFY_STATUS
	at com.umr.apitesting.core.executor.TestExecutor.executeTest(TestExecutor.java:40) ~[classes/:?]
	... 7 more
2024-11-27 10:05:43.905 [main] INFO  com.umr.apitesting.utils.LoggerUtil - 
=== Test Execution Summary ===
2024-11-27 10:05:43.905 [main] INFO  com.umr.apitesting.utils.LoggerUtil - Total Tests: 1
2024-11-27 10:05:43.906 [main] INFO  com.umr.apitesting.utils.LoggerUtil - Passed: 0
2024-11-27 10:05:43.906 [main] INFO  com.umr.apitesting.utils.LoggerUtil - Failed: 1
2024-11-27 10:05:43.908 [main] INFO  com.umr.apitesting.utils.LoggerUtil - Success Rate: 0.00%
2024-11-27 10:05:44.285 [main] INFO  com.umr.apitesting.utils.LoggerUtil - Detailed test report generated: reports/TestReport_20241127_100542.html
2024-11-27 10:08:07.787 [main] INFO  com.umr.apitesting.utils.LoggerUtil - Loaded configuration for environment: dev
2024-11-27 10:08:07.960 [main] INFO  com.umr.apitesting.utils.LoggerUtil - Initialized ExtentReports at: reports/TestReport_20241127_100807.html
2024-11-27 10:08:07.960 [main] INFO  com.umr.apitesting.utils.LoggerUtil - Starting test execution in dev environment
2024-11-27 10:08:08.603 [main] INFO  com.umr.apitesting.utils.LoggerUtil - Successfully initialized workbook: src/main/resources/testdata/TestSuite.xlsx
2024-11-27 10:08:08.612 [main] INFO  com.umr.apitesting.utils.LoggerUtil - Found 1 test cases to execute
2024-11-27 10:08:08.622 [pool-2-thread-1] INFO  com.umr.apitesting.utils.LoggerUtil - Executing test: TC001 - Get Posts
2024-11-27 10:08:08.672 [pool-2-thread-1] INFO  com.umr.apitesting.utils.LoggerUtil - Successfully initialized workbook: src/main/resources/testdata/TestSuite.xlsx
2024-11-27 10:08:08.677 [pool-2-thread-1] INFO  com.umr.apitesting.utils.LoggerUtil - Test Data: {TestID=TC001, Endpoint=/posts/1, Headers=Content-Type: application/json, ValidationPath=title, ExpectedValue=sunt aut facere, BaseURL=https://jsonplaceholder.typicode.com, Method=GET, ExpectedStatus=200.0, RequestBody=}
2024-11-27 10:08:08.677 [pool-2-thread-1] INFO  com.umr.apitesting.utils.LoggerUtil - Conteext Data: 200.0
2024-11-27 10:08:08.705 [pool-2-thread-1] INFO  com.umr.apitesting.utils.LoggerUtil - Successfully initialized workbook: src/main/resources/testdata/TestSuite.xlsx
2024-11-27 10:08:08.708 [pool-2-thread-1] INFO  com.umr.apitesting.utils.LoggerUtil - Keywords for test TC001: [GET, VERIFY_STATUS, VERIFY_JSON_PATH]
2024-11-27 10:08:08.708 [pool-2-thread-1] INFO  com.umr.apitesting.utils.LoggerUtil - Executing test: TC001
2024-11-27 10:08:08.708 [pool-2-thread-1] INFO  com.umr.apitesting.utils.LoggerUtil - Test data: https://jsonplaceholder.typicode.com/posts/1
2024-11-27 10:08:08.709 [pool-2-thread-1] INFO  com.umr.apitesting.utils.LoggerUtil - Executing keyword: GET
2024-11-27 10:08:08.709 [pool-2-thread-1] INFO  com.umr.apitesting.utils.LoggerUtil - Current context: null
2024-11-27 10:08:08.709 [pool-2-thread-1] INFO  com.umr.apitesting.utils.LoggerUtil - Executing keyword: GET
2024-11-27 10:08:09.122 [pool-2-thread-1] INFO  com.umr.apitesting.utils.LoggerUtil - Making request to: https://jsonplaceholder.typicode.com/posts/1
2024-11-27 10:08:09.122 [pool-2-thread-1] INFO  com.umr.apitesting.utils.LoggerUtil - Headers: {Content-Type=application/json}
2024-11-27 10:08:09.163 [pool-2-thread-1] INFO  com.umr.apitesting.utils.LoggerUtil - Executing GET request to https://jsonplaceholder.typicode.com/posts/1
2024-11-27 10:08:10.253 [pool-2-thread-1] INFO  com.umr.apitesting.utils.LoggerUtil - Response Status: 200
2024-11-27 10:08:10.513 [pool-2-thread-1] INFO  com.umr.apitesting.utils.LoggerUtil - Response Status Code: 200
2024-11-27 10:08:10.514 [pool-2-thread-1] INFO  com.umr.apitesting.utils.LoggerUtil - Response Body: {
  "userId": 1,
  "id": 1,
  "title": "sunt aut facere repellat provident occaecati excepturi optio reprehenderit",
  "body": "quia et suscipit\nsuscipit recusandae consequuntur expedita et cum\nreprehenderit molestiae ut ut quas totam\nnostrum rerum est autem sunt rem eveniet architecto"
}
2024-11-27 10:08:10.514 [pool-2-thread-1] INFO  com.umr.apitesting.utils.LoggerUtil - Executing keyword: VERIFY_STATUS
2024-11-27 10:08:10.514 [pool-2-thread-1] INFO  com.umr.apitesting.utils.LoggerUtil - Current context: null
2024-11-27 10:08:10.514 [pool-2-thread-1] INFO  com.umr.apitesting.utils.LoggerUtil - Executing keyword: VERIFY_STATUS
2024-11-27 10:08:10.515 [pool-2-thread-1] INFO  com.umr.apitesting.utils.LoggerUtil - Status code validation: Expected=200, Actual=200
2024-11-27 10:08:10.516 [pool-2-thread-1] INFO  com.umr.apitesting.utils.LoggerUtil - Executing keyword: VERIFY_JSON_PATH
2024-11-27 10:08:10.516 [pool-2-thread-1] INFO  com.umr.apitesting.utils.LoggerUtil - Current context: null
2024-11-27 10:08:10.517 [pool-2-thread-1] INFO  com.umr.apitesting.utils.LoggerUtil - Executing keyword: VERIFY_JSON_PATH
2024-11-27 10:08:10.519 [pool-2-thread-1] INFO  com.umr.apitesting.utils.LoggerUtil - Validating JSON Path: title
2024-11-27 10:08:10.520 [pool-2-thread-1] INFO  com.umr.apitesting.utils.LoggerUtil - Expected Value: sunt aut facere
2024-11-27 10:08:10.521 [pool-2-thread-1] INFO  com.umr.apitesting.utils.LoggerUtil - Response Body: {
  "userId": 1,
  "id": 1,
  "title": "sunt aut facere repellat provident occaecati excepturi optio reprehenderit",
  "body": "quia et suscipit\nsuscipit recusandae consequuntur expedita et cum\nreprehenderit molestiae ut ut quas totam\nnostrum rerum est autem sunt rem eveniet architecto"
}
2024-11-27 10:08:10.990 [pool-2-thread-1] INFO  com.umr.apitesting.utils.LoggerUtil - Test TC001 PASSED
2024-11-27 10:08:10.991 [main] INFO  com.umr.apitesting.utils.LoggerUtil - 
=== Test Execution Summary ===
2024-11-27 10:08:10.991 [main] INFO  com.umr.apitesting.utils.LoggerUtil - Total Tests: 1
2024-11-27 10:08:10.991 [main] INFO  com.umr.apitesting.utils.LoggerUtil - Passed: 1
2024-11-27 10:08:10.991 [main] INFO  com.umr.apitesting.utils.LoggerUtil - Failed: 0
2024-11-27 10:08:10.992 [main] INFO  com.umr.apitesting.utils.LoggerUtil - Success Rate: 100.00%
2024-11-27 10:08:11.184 [main] INFO  com.umr.apitesting.utils.LoggerUtil - Detailed test report generated: reports/TestReport_20241127_100807.html
2024-11-27 12:37:45.154 [main] INFO  com.umr.apitesting.utils.LoggerUtil - Loaded configuration for environment: dev
2024-11-27 12:37:45.440 [main] INFO  com.umr.apitesting.utils.LoggerUtil - Initialized ExtentReports at: reports/TestReport_20241127_123745.html
2024-11-27 12:37:45.440 [main] INFO  com.umr.apitesting.utils.LoggerUtil - Starting test execution in dev environment
2024-11-27 12:37:45.981 [main] INFO  com.umr.apitesting.utils.LoggerUtil - Successfully initialized workbook: src/main/resources/testdata/TestSuite.xlsx
2024-11-27 12:37:45.993 [main] INFO  com.umr.apitesting.utils.LoggerUtil - Found 1 test cases to execute
2024-11-27 12:37:45.999 [pool-2-thread-1] INFO  com.umr.apitesting.utils.LoggerUtil - Executing test: TC001 - Get Posts
2024-11-27 12:37:46.039 [pool-2-thread-1] INFO  com.umr.apitesting.utils.LoggerUtil - Successfully initialized workbook: src/main/resources/testdata/TestSuite.xlsx
2024-11-27 12:37:46.043 [pool-2-thread-1] INFO  com.umr.apitesting.utils.LoggerUtil - Test Data: {TestID=TC001, Endpoint=/posts/1, Headers=Content-Type: application/json, ValidationPath=$.title, ExpectedValue=sunt aut facere, BaseURL=https://jsonplaceholder.typicode.com, Method=GET, ExpectedStatus=200.0, RequestBody=null}
2024-11-27 12:37:46.043 [pool-2-thread-1] INFO  com.umr.apitesting.utils.LoggerUtil - Conteext Data: 200.0
2024-11-27 12:37:46.071 [pool-2-thread-1] INFO  com.umr.apitesting.utils.LoggerUtil - Successfully initialized workbook: src/main/resources/testdata/TestSuite.xlsx
2024-11-27 12:37:46.076 [pool-2-thread-1] INFO  com.umr.apitesting.utils.LoggerUtil - Keywords for test TC001: [API_CALL, VERIFY_STATUS, VERIFY_RESPONSE]
2024-11-27 12:37:46.076 [pool-2-thread-1] INFO  com.umr.apitesting.utils.LoggerUtil - Executing test: TC001
2024-11-27 12:37:46.076 [pool-2-thread-1] INFO  com.umr.apitesting.utils.LoggerUtil - Test data: https://jsonplaceholder.typicode.com/posts/1
2024-11-27 12:37:46.076 [pool-2-thread-1] INFO  com.umr.apitesting.utils.LoggerUtil - Executing keyword: API_CALL
2024-11-27 12:37:46.077 [pool-2-thread-1] INFO  com.umr.apitesting.utils.LoggerUtil - Current context: null
2024-11-27 12:37:46.077 [pool-2-thread-1] INFO  com.umr.apitesting.utils.LoggerUtil - Executing keyword: API_CALL
2024-11-27 12:37:46.485 [pool-2-thread-1] INFO  com.umr.apitesting.utils.LoggerUtil - Making request to: https://jsonplaceholder.typicode.com/posts/1
2024-11-27 12:37:46.485 [pool-2-thread-1] INFO  com.umr.apitesting.utils.LoggerUtil - Headers: {Content-Type=application/json}
2024-11-27 12:37:46.523 [pool-2-thread-1] INFO  com.umr.apitesting.utils.LoggerUtil - Executing GET request to https://jsonplaceholder.typicode.com/posts/1
2024-11-27 12:37:47.502 [pool-2-thread-1] INFO  com.umr.apitesting.utils.LoggerUtil - Response Status: 200
2024-11-27 12:37:47.503 [pool-2-thread-1] INFO  com.umr.apitesting.utils.LoggerUtil - Executing keyword: VERIFY_STATUS
2024-11-27 12:37:47.503 [pool-2-thread-1] INFO  com.umr.apitesting.utils.LoggerUtil - Current context: null
2024-11-27 12:37:47.503 [pool-2-thread-1] INFO  com.umr.apitesting.utils.LoggerUtil - Executing keyword: VERIFY_STATUS
2024-11-27 12:37:47.504 [pool-2-thread-1] ERROR com.umr.apitesting.utils.LoggerUtil - Status verification failed
java.lang.NumberFormatException: For input string: "200.0"
	at java.lang.NumberFormatException.forInputString(NumberFormatException.java:67) ~[?:?]
	at java.lang.Integer.parseInt(Integer.java:662) ~[?:?]
	at java.lang.Integer.parseInt(Integer.java:778) ~[?:?]
	at com.umr.apitesting.keywords.BaseKeywords.verifyStatus(BaseKeywords.java:56) ~[classes/:?]
	at jdk.internal.reflect.DirectMethodHandleAccessor.invoke(DirectMethodHandleAccessor.java:103) ~[?:?]
	at java.lang.reflect.Method.invoke(Method.java:580) ~[?:?]
	at com.umr.apitesting.core.executor.KeywordExecutor.executeKeyword(KeywordExecutor.java:40) ~[classes/:?]
	at com.umr.apitesting.core.executor.TestExecutor.executeTest(TestExecutor.java:37) ~[classes/:?]
	at com.umr.apitesting.core.executor.ParallelTestExecutor.executeTest(ParallelTestExecutor.java:50) ~[classes/:?]
	at com.umr.apitesting.core.executor.ParallelTestExecutor.lambda$0(ParallelTestExecutor.java:28) ~[classes/:?]
	at java.util.concurrent.Executors$RunnableAdapter.call(Executors.java:572) ~[?:?]
	at java.util.concurrent.FutureTask.run(FutureTask.java:317) ~[?:?]
	at java.util.concurrent.ThreadPoolExecutor.runWorker(ThreadPoolExecutor.java:1144) ~[?:?]
	at java.util.concurrent.ThreadPoolExecutor$Worker.run(ThreadPoolExecutor.java:642) ~[?:?]
	at java.lang.Thread.run(Thread.java:1583) [?:?]
2024-11-27 12:37:47.522 [pool-2-thread-1] ERROR com.umr.apitesting.utils.LoggerUtil - Keyword execution failed: VERIFY_STATUS
2024-11-27 12:37:47.523 [pool-2-thread-1] ERROR com.umr.apitesting.utils.LoggerUtil - Test execution failed: TC001
java.lang.RuntimeException: Test failed at keyword: VERIFY_STATUS
	at com.umr.apitesting.core.executor.TestExecutor.executeTest(TestExecutor.java:40) ~[classes/:?]
	at com.umr.apitesting.core.executor.ParallelTestExecutor.executeTest(ParallelTestExecutor.java:50) ~[classes/:?]
	at com.umr.apitesting.core.executor.ParallelTestExecutor.lambda$0(ParallelTestExecutor.java:28) ~[classes/:?]
	at java.util.concurrent.Executors$RunnableAdapter.call(Executors.java:572) ~[?:?]
	at java.util.concurrent.FutureTask.run(FutureTask.java:317) ~[?:?]
	at java.util.concurrent.ThreadPoolExecutor.runWorker(ThreadPoolExecutor.java:1144) ~[?:?]
	at java.util.concurrent.ThreadPoolExecutor$Worker.run(ThreadPoolExecutor.java:642) ~[?:?]
	at java.lang.Thread.run(Thread.java:1583) [?:?]
2024-11-27 12:37:47.524 [pool-2-thread-1] ERROR com.umr.apitesting.utils.LoggerUtil - Test TC001 FAILED
java.lang.RuntimeException: Test execution failed
	at com.umr.apitesting.core.executor.TestExecutor.executeTest(TestExecutor.java:46) ~[classes/:?]
	at com.umr.apitesting.core.executor.ParallelTestExecutor.executeTest(ParallelTestExecutor.java:50) ~[classes/:?]
	at com.umr.apitesting.core.executor.ParallelTestExecutor.lambda$0(ParallelTestExecutor.java:28) ~[classes/:?]
	at java.util.concurrent.Executors$RunnableAdapter.call(Executors.java:572) ~[?:?]
	at java.util.concurrent.FutureTask.run(FutureTask.java:317) ~[?:?]
	at java.util.concurrent.ThreadPoolExecutor.runWorker(ThreadPoolExecutor.java:1144) ~[?:?]
	at java.util.concurrent.ThreadPoolExecutor$Worker.run(ThreadPoolExecutor.java:642) ~[?:?]
	at java.lang.Thread.run(Thread.java:1583) [?:?]
Caused by: java.lang.RuntimeException: Test failed at keyword: VERIFY_STATUS
	at com.umr.apitesting.core.executor.TestExecutor.executeTest(TestExecutor.java:40) ~[classes/:?]
	... 7 more
2024-11-27 12:37:47.526 [main] INFO  com.umr.apitesting.utils.LoggerUtil - 
=== Test Execution Summary ===
2024-11-27 12:37:47.528 [main] INFO  com.umr.apitesting.utils.LoggerUtil - Total Tests: 1
2024-11-27 12:37:47.529 [main] INFO  com.umr.apitesting.utils.LoggerUtil - Passed: 0
2024-11-27 12:37:47.529 [main] INFO  com.umr.apitesting.utils.LoggerUtil - Failed: 1
2024-11-27 12:37:47.530 [main] INFO  com.umr.apitesting.utils.LoggerUtil - Success Rate: 0.00%
2024-11-27 12:37:47.780 [main] INFO  com.umr.apitesting.utils.LoggerUtil - Detailed test report generated: reports/TestReport_20241127_123745.html
2024-11-27 12:40:44.618 [main] INFO  com.umr.apitesting.utils.LoggerUtil - Loaded configuration for environment: dev
2024-11-27 12:40:44.812 [main] INFO  com.umr.apitesting.utils.LoggerUtil - Initialized ExtentReports at: reports/TestReport_20241127_124044.html
2024-11-27 12:40:44.812 [main] INFO  com.umr.apitesting.utils.LoggerUtil - Starting test execution in dev environment
2024-11-27 12:40:45.284 [main] INFO  com.umr.apitesting.utils.LoggerUtil - Successfully initialized workbook: src/main/resources/testdata/TestSuite.xlsx
2024-11-27 12:40:45.296 [main] INFO  com.umr.apitesting.utils.LoggerUtil - Found 1 test cases to execute
2024-11-27 12:40:45.300 [pool-2-thread-1] INFO  com.umr.apitesting.utils.LoggerUtil - Executing test: TC001 - Get Posts
2024-11-27 12:40:45.344 [pool-2-thread-1] INFO  com.umr.apitesting.utils.LoggerUtil - Successfully initialized workbook: src/main/resources/testdata/TestSuite.xlsx
2024-11-27 12:40:45.349 [pool-2-thread-1] INFO  com.umr.apitesting.utils.LoggerUtil - Test Data: {TestID=TC001, Endpoint=/posts/1, Headers=Content-Type: application/json, ValidationPath=$.title, ExpectedValue=sunt aut facere, BaseURL=https://jsonplaceholder.typicode.com, Method=GET, ExpectedStatus=200.0, RequestBody=null}
2024-11-27 12:40:45.349 [pool-2-thread-1] INFO  com.umr.apitesting.utils.LoggerUtil - Conteext Data: 200.0
2024-11-27 12:40:45.379 [pool-2-thread-1] INFO  com.umr.apitesting.utils.LoggerUtil - Successfully initialized workbook: src/main/resources/testdata/TestSuite.xlsx
2024-11-27 12:40:45.382 [pool-2-thread-1] INFO  com.umr.apitesting.utils.LoggerUtil - Keywords for test TC001: [API_CALL, VERIFY_STATUS, VERIFY_RESPONSE]
2024-11-27 12:40:45.382 [pool-2-thread-1] INFO  com.umr.apitesting.utils.LoggerUtil - Executing test: TC001
2024-11-27 12:40:45.382 [pool-2-thread-1] INFO  com.umr.apitesting.utils.LoggerUtil - Test data: https://jsonplaceholder.typicode.com/posts/1
2024-11-27 12:40:45.383 [pool-2-thread-1] INFO  com.umr.apitesting.utils.LoggerUtil - Executing keyword: API_CALL
2024-11-27 12:40:45.383 [pool-2-thread-1] INFO  com.umr.apitesting.utils.LoggerUtil - Current context: null
2024-11-27 12:40:45.383 [pool-2-thread-1] INFO  com.umr.apitesting.utils.LoggerUtil - Executing keyword: API_CALL
2024-11-27 12:40:45.800 [pool-2-thread-1] INFO  com.umr.apitesting.utils.LoggerUtil - Making request to: https://jsonplaceholder.typicode.com/posts/1
2024-11-27 12:40:45.800 [pool-2-thread-1] INFO  com.umr.apitesting.utils.LoggerUtil - Headers: {Content-Type=application/json}
2024-11-27 12:40:45.840 [pool-2-thread-1] INFO  com.umr.apitesting.utils.LoggerUtil - Executing GET request to https://jsonplaceholder.typicode.com/posts/1
2024-11-27 12:40:46.741 [pool-2-thread-1] INFO  com.umr.apitesting.utils.LoggerUtil - Response Status: 200
2024-11-27 12:40:46.741 [pool-2-thread-1] INFO  com.umr.apitesting.utils.LoggerUtil - Executing keyword: VERIFY_STATUS
2024-11-27 12:40:46.741 [pool-2-thread-1] INFO  com.umr.apitesting.utils.LoggerUtil - Current context: null
2024-11-27 12:40:46.742 [pool-2-thread-1] INFO  com.umr.apitesting.utils.LoggerUtil - Executing keyword: VERIFY_STATUS
2024-11-27 12:40:46.744 [pool-2-thread-1] INFO  com.umr.apitesting.utils.LoggerUtil - Executing keyword: VERIFY_RESPONSE
2024-11-27 12:40:46.744 [pool-2-thread-1] INFO  com.umr.apitesting.utils.LoggerUtil - Current context: null
2024-11-27 12:40:46.744 [pool-2-thread-1] INFO  com.umr.apitesting.utils.LoggerUtil - Executing keyword: VERIFY_RESPONSE
2024-11-27 12:40:47.179 [pool-2-thread-1] ERROR com.umr.apitesting.utils.LoggerUtil - Keyword execution failed: VERIFY_RESPONSE
2024-11-27 12:40:47.179 [pool-2-thread-1] ERROR com.umr.apitesting.utils.LoggerUtil - Test execution failed: TC001
java.lang.RuntimeException: Test failed at keyword: VERIFY_RESPONSE
	at com.umr.apitesting.core.executor.TestExecutor.executeTest(TestExecutor.java:40) ~[classes/:?]
	at com.umr.apitesting.core.executor.ParallelTestExecutor.executeTest(ParallelTestExecutor.java:50) ~[classes/:?]
	at com.umr.apitesting.core.executor.ParallelTestExecutor.lambda$0(ParallelTestExecutor.java:28) ~[classes/:?]
	at java.util.concurrent.Executors$RunnableAdapter.call(Executors.java:572) ~[?:?]
	at java.util.concurrent.FutureTask.run(FutureTask.java:317) ~[?:?]
	at java.util.concurrent.ThreadPoolExecutor.runWorker(ThreadPoolExecutor.java:1144) ~[?:?]
	at java.util.concurrent.ThreadPoolExecutor$Worker.run(ThreadPoolExecutor.java:642) ~[?:?]
	at java.lang.Thread.run(Thread.java:1583) [?:?]
2024-11-27 12:40:47.197 [pool-2-thread-1] ERROR com.umr.apitesting.utils.LoggerUtil - Test TC001 FAILED
java.lang.RuntimeException: Test execution failed
	at com.umr.apitesting.core.executor.TestExecutor.executeTest(TestExecutor.java:46) ~[classes/:?]
	at com.umr.apitesting.core.executor.ParallelTestExecutor.executeTest(ParallelTestExecutor.java:50) ~[classes/:?]
	at com.umr.apitesting.core.executor.ParallelTestExecutor.lambda$0(ParallelTestExecutor.java:28) ~[classes/:?]
	at java.util.concurrent.Executors$RunnableAdapter.call(Executors.java:572) ~[?:?]
	at java.util.concurrent.FutureTask.run(FutureTask.java:317) ~[?:?]
	at java.util.concurrent.ThreadPoolExecutor.runWorker(ThreadPoolExecutor.java:1144) ~[?:?]
	at java.util.concurrent.ThreadPoolExecutor$Worker.run(ThreadPoolExecutor.java:642) ~[?:?]
	at java.lang.Thread.run(Thread.java:1583) [?:?]
Caused by: java.lang.RuntimeException: Test failed at keyword: VERIFY_RESPONSE
	at com.umr.apitesting.core.executor.TestExecutor.executeTest(TestExecutor.java:40) ~[classes/:?]
	... 7 more
2024-11-27 12:40:47.198 [main] INFO  com.umr.apitesting.utils.LoggerUtil - 
=== Test Execution Summary ===
2024-11-27 12:40:47.198 [main] INFO  com.umr.apitesting.utils.LoggerUtil - Total Tests: 1
2024-11-27 12:40:47.200 [main] INFO  com.umr.apitesting.utils.LoggerUtil - Passed: 0
2024-11-27 12:40:47.201 [main] INFO  com.umr.apitesting.utils.LoggerUtil - Failed: 1
2024-11-27 12:40:47.202 [main] INFO  com.umr.apitesting.utils.LoggerUtil - Success Rate: 0.00%
2024-11-27 12:40:47.490 [main] INFO  com.umr.apitesting.utils.LoggerUtil - Detailed test report generated: reports/TestReport_20241127_124044.html
2024-11-27 12:45:00.962 [main] INFO  com.umr.apitesting.utils.LoggerUtil - Loaded configuration for environment: dev
2024-11-27 12:45:01.144 [main] INFO  com.umr.apitesting.utils.LoggerUtil - Initialized ExtentReports at: reports/TestReport_20241127_124500.html
2024-11-27 12:45:01.144 [main] INFO  com.umr.apitesting.utils.LoggerUtil - Starting test execution in dev environment
2024-11-27 12:45:01.611 [main] INFO  com.umr.apitesting.utils.LoggerUtil - Successfully initialized workbook: src/main/resources/testdata/TestSuite.xlsx
2024-11-27 12:45:01.619 [main] INFO  com.umr.apitesting.utils.LoggerUtil - Found 1 test cases to execute
2024-11-27 12:45:01.624 [pool-2-thread-1] INFO  com.umr.apitesting.utils.LoggerUtil - Executing test: TC001 - Get Posts
2024-11-27 12:45:01.664 [pool-2-thread-1] INFO  com.umr.apitesting.utils.LoggerUtil - Successfully initialized workbook: src/main/resources/testdata/TestSuite.xlsx
2024-11-27 12:45:01.672 [pool-2-thread-1] INFO  com.umr.apitesting.utils.LoggerUtil - Test Data: {TestID=TC001, Endpoint=/posts/1, Headers=Content-Type: application/json, ValidationPath=$.title, ExpectedValue=sunt aut facere, BaseURL=https://jsonplaceholder.typicode.com, Method=GET, ExpectedStatus=200.0, RequestBody=null}
2024-11-27 12:45:01.672 [pool-2-thread-1] INFO  com.umr.apitesting.utils.LoggerUtil - Conteext Data: 200.0
2024-11-27 12:45:01.702 [pool-2-thread-1] INFO  com.umr.apitesting.utils.LoggerUtil - Successfully initialized workbook: src/main/resources/testdata/TestSuite.xlsx
2024-11-27 12:45:01.706 [pool-2-thread-1] INFO  com.umr.apitesting.utils.LoggerUtil - Keywords for test TC001: [API_CALL, VERIFY_STATUS, VERIFY_RESPONSE]
2024-11-27 12:45:01.706 [pool-2-thread-1] INFO  com.umr.apitesting.utils.LoggerUtil - Executing test: TC001
2024-11-27 12:45:01.706 [pool-2-thread-1] INFO  com.umr.apitesting.utils.LoggerUtil - Test data: https://jsonplaceholder.typicode.com/posts/1
2024-11-27 12:45:01.706 [pool-2-thread-1] INFO  com.umr.apitesting.utils.LoggerUtil - Executing keyword: API_CALL
2024-11-27 12:45:01.706 [pool-2-thread-1] INFO  com.umr.apitesting.utils.LoggerUtil - Current context: null
2024-11-27 12:45:01.706 [pool-2-thread-1] INFO  com.umr.apitesting.utils.LoggerUtil - Executing keyword: API_CALL
2024-11-27 12:45:02.104 [pool-2-thread-1] INFO  com.umr.apitesting.utils.LoggerUtil - Making request to: https://jsonplaceholder.typicode.com/posts/1
2024-11-27 12:45:02.104 [pool-2-thread-1] INFO  com.umr.apitesting.utils.LoggerUtil - Headers: {Content-Type=application/json}
2024-11-27 12:45:02.142 [pool-2-thread-1] INFO  com.umr.apitesting.utils.LoggerUtil - Executing GET request to https://jsonplaceholder.typicode.com/posts/1
2024-11-27 12:45:03.287 [pool-2-thread-1] INFO  com.umr.apitesting.utils.LoggerUtil - Response Status: 200
2024-11-27 12:45:03.287 [pool-2-thread-1] INFO  com.umr.apitesting.utils.LoggerUtil - Executing keyword: VERIFY_STATUS
2024-11-27 12:45:03.287 [pool-2-thread-1] INFO  com.umr.apitesting.utils.LoggerUtil - Current context: null
2024-11-27 12:45:03.287 [pool-2-thread-1] INFO  com.umr.apitesting.utils.LoggerUtil - Executing keyword: VERIFY_STATUS
2024-11-27 12:45:03.290 [pool-2-thread-1] INFO  com.umr.apitesting.utils.LoggerUtil - Executing keyword: VERIFY_RESPONSE
2024-11-27 12:45:03.291 [pool-2-thread-1] INFO  com.umr.apitesting.utils.LoggerUtil - Current context: null
2024-11-27 12:45:03.291 [pool-2-thread-1] INFO  com.umr.apitesting.utils.LoggerUtil - Executing keyword: VERIFY_RESPONSE
2024-11-27 12:45:03.766 [pool-2-thread-1] INFO  com.umr.apitesting.utils.LoggerUtil - Validation failed - Expected: sunt aut facere, Actual: null
2024-11-27 12:45:03.767 [pool-2-thread-1] ERROR com.umr.apitesting.utils.LoggerUtil - Keyword execution failed: VERIFY_RESPONSE
2024-11-27 12:45:03.767 [pool-2-thread-1] ERROR com.umr.apitesting.utils.LoggerUtil - Test execution failed: TC001
java.lang.RuntimeException: Test failed at keyword: VERIFY_RESPONSE
	at com.umr.apitesting.core.executor.TestExecutor.executeTest(TestExecutor.java:40) ~[classes/:?]
	at com.umr.apitesting.core.executor.ParallelTestExecutor.executeTest(ParallelTestExecutor.java:50) ~[classes/:?]
	at com.umr.apitesting.core.executor.ParallelTestExecutor.lambda$0(ParallelTestExecutor.java:28) ~[classes/:?]
	at java.util.concurrent.Executors$RunnableAdapter.call(Executors.java:572) ~[?:?]
	at java.util.concurrent.FutureTask.run(FutureTask.java:317) ~[?:?]
	at java.util.concurrent.ThreadPoolExecutor.runWorker(ThreadPoolExecutor.java:1144) ~[?:?]
	at java.util.concurrent.ThreadPoolExecutor$Worker.run(ThreadPoolExecutor.java:642) ~[?:?]
	at java.lang.Thread.run(Thread.java:1583) [?:?]
2024-11-27 12:45:03.779 [pool-2-thread-1] ERROR com.umr.apitesting.utils.LoggerUtil - Test TC001 FAILED
java.lang.RuntimeException: Test execution failed
	at com.umr.apitesting.core.executor.TestExecutor.executeTest(TestExecutor.java:46) ~[classes/:?]
	at com.umr.apitesting.core.executor.ParallelTestExecutor.executeTest(ParallelTestExecutor.java:50) ~[classes/:?]
	at com.umr.apitesting.core.executor.ParallelTestExecutor.lambda$0(ParallelTestExecutor.java:28) ~[classes/:?]
	at java.util.concurrent.Executors$RunnableAdapter.call(Executors.java:572) ~[?:?]
	at java.util.concurrent.FutureTask.run(FutureTask.java:317) ~[?:?]
	at java.util.concurrent.ThreadPoolExecutor.runWorker(ThreadPoolExecutor.java:1144) ~[?:?]
	at java.util.concurrent.ThreadPoolExecutor$Worker.run(ThreadPoolExecutor.java:642) ~[?:?]
	at java.lang.Thread.run(Thread.java:1583) [?:?]
Caused by: java.lang.RuntimeException: Test failed at keyword: VERIFY_RESPONSE
	at com.umr.apitesting.core.executor.TestExecutor.executeTest(TestExecutor.java:40) ~[classes/:?]
	... 7 more
2024-11-27 12:45:03.780 [main] INFO  com.umr.apitesting.utils.LoggerUtil - 
=== Test Execution Summary ===
2024-11-27 12:45:03.780 [main] INFO  com.umr.apitesting.utils.LoggerUtil - Total Tests: 1
2024-11-27 12:45:03.780 [main] INFO  com.umr.apitesting.utils.LoggerUtil - Passed: 0
2024-11-27 12:45:03.780 [main] INFO  com.umr.apitesting.utils.LoggerUtil - Failed: 1
2024-11-27 12:45:03.781 [main] INFO  com.umr.apitesting.utils.LoggerUtil - Success Rate: 0.00%
2024-11-27 12:45:04.036 [main] INFO  com.umr.apitesting.utils.LoggerUtil - Detailed test report generated: reports/TestReport_20241127_124500.html
2024-11-27 12:47:26.717 [main] INFO  com.umr.apitesting.utils.LoggerUtil - Loaded configuration for environment: dev
2024-11-27 12:47:26.991 [main] INFO  com.umr.apitesting.utils.LoggerUtil - Initialized ExtentReports at: reports/TestReport_20241127_124726.html
2024-11-27 12:47:26.992 [main] INFO  com.umr.apitesting.utils.LoggerUtil - Starting test execution in dev environment
2024-11-27 12:47:27.743 [main] INFO  com.umr.apitesting.utils.LoggerUtil - Successfully initialized workbook: src/main/resources/testdata/TestSuite.xlsx
2024-11-27 12:47:27.754 [main] INFO  com.umr.apitesting.utils.LoggerUtil - Found 1 test cases to execute
2024-11-27 12:47:27.759 [pool-2-thread-1] INFO  com.umr.apitesting.utils.LoggerUtil - Executing test: TC001 - Get Posts
2024-11-27 12:47:27.800 [pool-2-thread-1] INFO  com.umr.apitesting.utils.LoggerUtil - Successfully initialized workbook: src/main/resources/testdata/TestSuite.xlsx
2024-11-27 12:47:27.804 [pool-2-thread-1] INFO  com.umr.apitesting.utils.LoggerUtil - Test Data: {TestID=TC001, Endpoint=/posts/1, Headers=Content-Type: application/json, ValidationPath=$.title, ExpectedValue=sunt aut facere, BaseURL=https://jsonplaceholder.typicode.com, Method=GET, ExpectedStatus=200.0, RequestBody=null}
2024-11-27 12:47:27.804 [pool-2-thread-1] INFO  com.umr.apitesting.utils.LoggerUtil - Conteext Data: 200.0
2024-11-27 12:47:27.835 [pool-2-thread-1] INFO  com.umr.apitesting.utils.LoggerUtil - Successfully initialized workbook: src/main/resources/testdata/TestSuite.xlsx
2024-11-27 12:47:27.839 [pool-2-thread-1] INFO  com.umr.apitesting.utils.LoggerUtil - Keywords for test TC001: [API_CALL, VERIFY_STATUS, VERIFY_RESPONSE]
2024-11-27 12:47:27.840 [pool-2-thread-1] INFO  com.umr.apitesting.utils.LoggerUtil - Executing test: TC001
2024-11-27 12:47:27.840 [pool-2-thread-1] INFO  com.umr.apitesting.utils.LoggerUtil - Test data: https://jsonplaceholder.typicode.com/posts/1
2024-11-27 12:47:27.840 [pool-2-thread-1] INFO  com.umr.apitesting.utils.LoggerUtil - Executing keyword: API_CALL
2024-11-27 12:47:27.840 [pool-2-thread-1] INFO  com.umr.apitesting.utils.LoggerUtil - Current context: null
2024-11-27 12:47:27.841 [pool-2-thread-1] INFO  com.umr.apitesting.utils.LoggerUtil - Executing keyword: API_CALL
2024-11-27 12:47:28.355 [pool-2-thread-1] INFO  com.umr.apitesting.utils.LoggerUtil - Making request to: https://jsonplaceholder.typicode.com/posts/1
2024-11-27 12:47:28.356 [pool-2-thread-1] INFO  com.umr.apitesting.utils.LoggerUtil - Headers: {Content-Type=application/json}
2024-11-27 12:47:28.393 [pool-2-thread-1] INFO  com.umr.apitesting.utils.LoggerUtil - Executing GET request to https://jsonplaceholder.typicode.com/posts/1
2024-11-27 12:47:30.020 [pool-2-thread-1] INFO  com.umr.apitesting.utils.LoggerUtil - Response Status: 200
2024-11-27 12:47:30.020 [pool-2-thread-1] INFO  com.umr.apitesting.utils.LoggerUtil - Executing keyword: VERIFY_STATUS
2024-11-27 12:47:30.021 [pool-2-thread-1] INFO  com.umr.apitesting.utils.LoggerUtil - Current context: null
2024-11-27 12:47:30.021 [pool-2-thread-1] INFO  com.umr.apitesting.utils.LoggerUtil - Executing keyword: VERIFY_STATUS
2024-11-27 12:47:30.023 [pool-2-thread-1] INFO  com.umr.apitesting.utils.LoggerUtil - Executing keyword: VERIFY_RESPONSE
2024-11-27 12:47:30.023 [pool-2-thread-1] INFO  com.umr.apitesting.utils.LoggerUtil - Current context: null
2024-11-27 12:47:30.023 [pool-2-thread-1] INFO  com.umr.apitesting.utils.LoggerUtil - Executing keyword: VERIFY_RESPONSE
2024-11-27 12:47:30.043 [pool-2-thread-1] INFO  com.umr.apitesting.utils.LoggerUtil - Response Body: {
  "userId": 1,
  "id": 1,
  "title": "sunt aut facere repellat provident occaecati excepturi optio reprehenderit",
  "body": "quia et suscipit\nsuscipit recusandae consequuntur expedita et cum\nreprehenderit molestiae ut ut quas totam\nnostrum rerum est autem sunt rem eveniet architecto"
}
2024-11-27 12:47:30.584 [pool-2-thread-1] INFO  com.umr.apitesting.utils.LoggerUtil - Extracted value for path $.title: null
2024-11-27 12:47:30.585 [pool-2-thread-1] INFO  com.umr.apitesting.utils.LoggerUtil - Validation failed - Expected: sunt aut facere, Actual: null
2024-11-27 12:47:30.585 [pool-2-thread-1] ERROR com.umr.apitesting.utils.LoggerUtil - Keyword execution failed: VERIFY_RESPONSE
2024-11-27 12:47:30.586 [pool-2-thread-1] ERROR com.umr.apitesting.utils.LoggerUtil - Test execution failed: TC001
java.lang.RuntimeException: Test failed at keyword: VERIFY_RESPONSE
	at com.umr.apitesting.core.executor.TestExecutor.executeTest(TestExecutor.java:40) ~[classes/:?]
	at com.umr.apitesting.core.executor.ParallelTestExecutor.executeTest(ParallelTestExecutor.java:50) ~[classes/:?]
	at com.umr.apitesting.core.executor.ParallelTestExecutor.lambda$0(ParallelTestExecutor.java:28) ~[classes/:?]
	at java.util.concurrent.Executors$RunnableAdapter.call(Executors.java:572) ~[?:?]
	at java.util.concurrent.FutureTask.run(FutureTask.java:317) ~[?:?]
	at java.util.concurrent.ThreadPoolExecutor.runWorker(ThreadPoolExecutor.java:1144) ~[?:?]
	at java.util.concurrent.ThreadPoolExecutor$Worker.run(ThreadPoolExecutor.java:642) ~[?:?]
	at java.lang.Thread.run(Thread.java:1583) [?:?]
2024-11-27 12:47:30.598 [pool-2-thread-1] ERROR com.umr.apitesting.utils.LoggerUtil - Test TC001 FAILED
java.lang.RuntimeException: Test execution failed
	at com.umr.apitesting.core.executor.TestExecutor.executeTest(TestExecutor.java:46) ~[classes/:?]
	at com.umr.apitesting.core.executor.ParallelTestExecutor.executeTest(ParallelTestExecutor.java:50) ~[classes/:?]
	at com.umr.apitesting.core.executor.ParallelTestExecutor.lambda$0(ParallelTestExecutor.java:28) ~[classes/:?]
	at java.util.concurrent.Executors$RunnableAdapter.call(Executors.java:572) ~[?:?]
	at java.util.concurrent.FutureTask.run(FutureTask.java:317) ~[?:?]
	at java.util.concurrent.ThreadPoolExecutor.runWorker(ThreadPoolExecutor.java:1144) ~[?:?]
	at java.util.concurrent.ThreadPoolExecutor$Worker.run(ThreadPoolExecutor.java:642) ~[?:?]
	at java.lang.Thread.run(Thread.java:1583) [?:?]
Caused by: java.lang.RuntimeException: Test failed at keyword: VERIFY_RESPONSE
	at com.umr.apitesting.core.executor.TestExecutor.executeTest(TestExecutor.java:40) ~[classes/:?]
	... 7 more
2024-11-27 12:47:30.599 [main] INFO  com.umr.apitesting.utils.LoggerUtil - 
=== Test Execution Summary ===
2024-11-27 12:47:30.599 [main] INFO  com.umr.apitesting.utils.LoggerUtil - Total Tests: 1
2024-11-27 12:47:30.600 [main] INFO  com.umr.apitesting.utils.LoggerUtil - Passed: 0
2024-11-27 12:47:30.600 [main] INFO  com.umr.apitesting.utils.LoggerUtil - Failed: 1
2024-11-27 12:47:30.600 [main] INFO  com.umr.apitesting.utils.LoggerUtil - Success Rate: 0.00%
2024-11-27 12:47:30.877 [main] INFO  com.umr.apitesting.utils.LoggerUtil - Detailed test report generated: reports/TestReport_20241127_124726.html
2024-11-27 12:50:34.541 [main] INFO  com.umr.apitesting.utils.LoggerUtil - Loaded configuration for environment: dev
2024-11-27 12:50:34.712 [main] INFO  com.umr.apitesting.utils.LoggerUtil - Initialized ExtentReports at: reports/TestReport_20241127_125034.html
2024-11-27 12:50:34.713 [main] INFO  com.umr.apitesting.utils.LoggerUtil - Starting test execution in dev environment
2024-11-27 12:50:35.164 [main] INFO  com.umr.apitesting.utils.LoggerUtil - Successfully initialized workbook: src/main/resources/testdata/TestSuite.xlsx
2024-11-27 12:50:35.173 [main] INFO  com.umr.apitesting.utils.LoggerUtil - Found 1 test cases to execute
2024-11-27 12:50:35.181 [pool-2-thread-1] INFO  com.umr.apitesting.utils.LoggerUtil - Executing test: TC001 - Get Posts
2024-11-27 12:50:35.222 [pool-2-thread-1] INFO  com.umr.apitesting.utils.LoggerUtil - Successfully initialized workbook: src/main/resources/testdata/TestSuite.xlsx
2024-11-27 12:50:35.226 [pool-2-thread-1] INFO  com.umr.apitesting.utils.LoggerUtil - Test Data: {TestID=TC001, Endpoint=/posts/1, Headers=Content-Type: application/json, ValidationPath=$.title, ExpectedValue=sunt aut facere, BaseURL=https://jsonplaceholder.typicode.com, Method=GET, ExpectedStatus=200.0, RequestBody=null}
2024-11-27 12:50:35.226 [pool-2-thread-1] INFO  com.umr.apitesting.utils.LoggerUtil - Conteext Data: 200.0
2024-11-27 12:50:35.253 [pool-2-thread-1] INFO  com.umr.apitesting.utils.LoggerUtil - Successfully initialized workbook: src/main/resources/testdata/TestSuite.xlsx
2024-11-27 12:50:35.255 [pool-2-thread-1] INFO  com.umr.apitesting.utils.LoggerUtil - Keywords for test TC001: [API_CALL, VERIFY_STATUS, VERIFY_RESPONSE]
2024-11-27 12:50:35.255 [pool-2-thread-1] INFO  com.umr.apitesting.utils.LoggerUtil - Executing test: TC001
2024-11-27 12:50:35.255 [pool-2-thread-1] INFO  com.umr.apitesting.utils.LoggerUtil - Test data: https://jsonplaceholder.typicode.com/posts/1
2024-11-27 12:50:35.255 [pool-2-thread-1] INFO  com.umr.apitesting.utils.LoggerUtil - Executing keyword: API_CALL
2024-11-27 12:50:35.255 [pool-2-thread-1] INFO  com.umr.apitesting.utils.LoggerUtil - Current context: null
2024-11-27 12:50:35.255 [pool-2-thread-1] INFO  com.umr.apitesting.utils.LoggerUtil - Executing keyword: API_CALL
2024-11-27 12:50:35.640 [pool-2-thread-1] INFO  com.umr.apitesting.utils.LoggerUtil - Making request to: https://jsonplaceholder.typicode.com/posts/1
2024-11-27 12:50:35.641 [pool-2-thread-1] INFO  com.umr.apitesting.utils.LoggerUtil - Headers: {Content-Type=application/json}
2024-11-27 12:50:35.679 [pool-2-thread-1] INFO  com.umr.apitesting.utils.LoggerUtil - Executing GET request to https://jsonplaceholder.typicode.com/posts/1
2024-11-27 12:50:36.565 [pool-2-thread-1] INFO  com.umr.apitesting.utils.LoggerUtil - Response Status: 200
2024-11-27 12:50:36.566 [pool-2-thread-1] INFO  com.umr.apitesting.utils.LoggerUtil - Executing keyword: VERIFY_STATUS
2024-11-27 12:50:36.566 [pool-2-thread-1] INFO  com.umr.apitesting.utils.LoggerUtil - Current context: null
2024-11-27 12:50:36.566 [pool-2-thread-1] INFO  com.umr.apitesting.utils.LoggerUtil - Executing keyword: VERIFY_STATUS
2024-11-27 12:50:36.569 [pool-2-thread-1] INFO  com.umr.apitesting.utils.LoggerUtil - Executing keyword: VERIFY_RESPONSE
2024-11-27 12:50:36.570 [pool-2-thread-1] INFO  com.umr.apitesting.utils.LoggerUtil - Current context: null
2024-11-27 12:50:36.571 [pool-2-thread-1] INFO  com.umr.apitesting.utils.LoggerUtil - Executing keyword: VERIFY_RESPONSE
2024-11-27 12:50:36.591 [pool-2-thread-1] INFO  com.umr.apitesting.utils.LoggerUtil - Response Body: {
  "userId": 1,
  "id": 1,
  "title": "sunt aut facere repellat provident occaecati excepturi optio reprehenderit",
  "body": "quia et suscipit\nsuscipit recusandae consequuntur expedita et cum\nreprehenderit molestiae ut ut quas totam\nnostrum rerum est autem sunt rem eveniet architecto"
}
2024-11-27 12:50:37.031 [pool-2-thread-1] INFO  com.umr.apitesting.utils.LoggerUtil - Extracted value for path title: sunt aut facere repellat provident occaecati excepturi optio reprehenderit
2024-11-27 12:50:37.031 [pool-2-thread-1] INFO  com.umr.apitesting.utils.LoggerUtil - Validation failed - Expected: sunt aut facere, Actual: sunt aut facere repellat provident occaecati excepturi optio reprehenderit
2024-11-27 12:50:37.031 [pool-2-thread-1] ERROR com.umr.apitesting.utils.LoggerUtil - Keyword execution failed: VERIFY_RESPONSE
2024-11-27 12:50:37.031 [pool-2-thread-1] ERROR com.umr.apitesting.utils.LoggerUtil - Test execution failed: TC001
java.lang.RuntimeException: Test failed at keyword: VERIFY_RESPONSE
	at com.umr.apitesting.core.executor.TestExecutor.executeTest(TestExecutor.java:40) ~[classes/:?]
	at com.umr.apitesting.core.executor.ParallelTestExecutor.executeTest(ParallelTestExecutor.java:50) ~[classes/:?]
	at com.umr.apitesting.core.executor.ParallelTestExecutor.lambda$0(ParallelTestExecutor.java:28) ~[classes/:?]
	at java.util.concurrent.Executors$RunnableAdapter.call(Executors.java:572) ~[?:?]
	at java.util.concurrent.FutureTask.run(FutureTask.java:317) ~[?:?]
	at java.util.concurrent.ThreadPoolExecutor.runWorker(ThreadPoolExecutor.java:1144) ~[?:?]
	at java.util.concurrent.ThreadPoolExecutor$Worker.run(ThreadPoolExecutor.java:642) ~[?:?]
	at java.lang.Thread.run(Thread.java:1583) [?:?]
2024-11-27 12:50:37.047 [pool-2-thread-1] ERROR com.umr.apitesting.utils.LoggerUtil - Test TC001 FAILED
java.lang.RuntimeException: Test execution failed
	at com.umr.apitesting.core.executor.TestExecutor.executeTest(TestExecutor.java:46) ~[classes/:?]
	at com.umr.apitesting.core.executor.ParallelTestExecutor.executeTest(ParallelTestExecutor.java:50) ~[classes/:?]
	at com.umr.apitesting.core.executor.ParallelTestExecutor.lambda$0(ParallelTestExecutor.java:28) ~[classes/:?]
	at java.util.concurrent.Executors$RunnableAdapter.call(Executors.java:572) ~[?:?]
	at java.util.concurrent.FutureTask.run(FutureTask.java:317) ~[?:?]
	at java.util.concurrent.ThreadPoolExecutor.runWorker(ThreadPoolExecutor.java:1144) ~[?:?]
	at java.util.concurrent.ThreadPoolExecutor$Worker.run(ThreadPoolExecutor.java:642) ~[?:?]
	at java.lang.Thread.run(Thread.java:1583) [?:?]
Caused by: java.lang.RuntimeException: Test failed at keyword: VERIFY_RESPONSE
	at com.umr.apitesting.core.executor.TestExecutor.executeTest(TestExecutor.java:40) ~[classes/:?]
	... 7 more
2024-11-27 12:50:37.048 [main] INFO  com.umr.apitesting.utils.LoggerUtil - 
=== Test Execution Summary ===
2024-11-27 12:50:37.048 [main] INFO  com.umr.apitesting.utils.LoggerUtil - Total Tests: 1
2024-11-27 12:50:37.048 [main] INFO  com.umr.apitesting.utils.LoggerUtil - Passed: 0
2024-11-27 12:50:37.048 [main] INFO  com.umr.apitesting.utils.LoggerUtil - Failed: 1
2024-11-27 12:50:37.049 [main] INFO  com.umr.apitesting.utils.LoggerUtil - Success Rate: 0.00%
2024-11-27 12:50:37.275 [main] INFO  com.umr.apitesting.utils.LoggerUtil - Detailed test report generated: reports/TestReport_20241127_125034.html
2024-11-27 12:56:46.732 [main] INFO  com.umr.apitesting.utils.LoggerUtil - Loaded configuration for environment: dev
2024-11-27 12:56:46.892 [main] INFO  com.umr.apitesting.utils.LoggerUtil - Initialized ExtentReports at: reports/TestReport_20241127_125646.html
2024-11-27 12:56:46.892 [main] INFO  com.umr.apitesting.utils.LoggerUtil - Starting test execution in dev environment
2024-11-27 12:56:47.318 [main] INFO  com.umr.apitesting.utils.LoggerUtil - Successfully initialized workbook: src/main/resources/testdata/TestSuite.xlsx
2024-11-27 12:56:47.330 [main] INFO  com.umr.apitesting.utils.LoggerUtil - Found 1 test cases to execute
2024-11-27 12:56:47.336 [pool-2-thread-1] INFO  com.umr.apitesting.utils.LoggerUtil - Executing test: TC001 - Get Posts
2024-11-27 12:56:47.371 [pool-2-thread-1] INFO  com.umr.apitesting.utils.LoggerUtil - Successfully initialized workbook: src/main/resources/testdata/TestSuite.xlsx
2024-11-27 12:56:47.375 [pool-2-thread-1] INFO  com.umr.apitesting.utils.LoggerUtil - Test Data: {TestID=TC001, Endpoint=/posts/1, Headers=Content-Type: application/json, ValidationPath=$.title, ExpectedValue=sunt aut facere, BaseURL=https://jsonplaceholder.typicode.com, Method=GET, ExpectedStatus=200.0, RequestBody=null}
2024-11-27 12:56:47.375 [pool-2-thread-1] INFO  com.umr.apitesting.utils.LoggerUtil - Conteext Data: 200.0
2024-11-27 12:56:47.403 [pool-2-thread-1] INFO  com.umr.apitesting.utils.LoggerUtil - Successfully initialized workbook: src/main/resources/testdata/TestSuite.xlsx
2024-11-27 12:56:47.406 [pool-2-thread-1] INFO  com.umr.apitesting.utils.LoggerUtil - Keywords for test TC001: [API_CALL, VERIFY_STATUS, VERIFY_RESPONSE]
2024-11-27 12:56:47.407 [pool-2-thread-1] INFO  com.umr.apitesting.utils.LoggerUtil - Executing test: TC001
2024-11-27 12:56:47.407 [pool-2-thread-1] INFO  com.umr.apitesting.utils.LoggerUtil - Test data: https://jsonplaceholder.typicode.com/posts/1
2024-11-27 12:56:47.407 [pool-2-thread-1] INFO  com.umr.apitesting.utils.LoggerUtil - Executing keyword: API_CALL
2024-11-27 12:56:47.407 [pool-2-thread-1] INFO  com.umr.apitesting.utils.LoggerUtil - Current context: null
2024-11-27 12:56:47.407 [pool-2-thread-1] INFO  com.umr.apitesting.utils.LoggerUtil - Executing keyword: API_CALL
2024-11-27 12:56:47.811 [pool-2-thread-1] INFO  com.umr.apitesting.utils.LoggerUtil - Making request to: https://jsonplaceholder.typicode.com/posts/1
2024-11-27 12:56:47.812 [pool-2-thread-1] INFO  com.umr.apitesting.utils.LoggerUtil - Headers: {Content-Type=application/json}
2024-11-27 12:56:47.847 [pool-2-thread-1] INFO  com.umr.apitesting.utils.LoggerUtil - Executing GET request to https://jsonplaceholder.typicode.com/posts/1
2024-11-27 12:56:48.697 [pool-2-thread-1] INFO  com.umr.apitesting.utils.LoggerUtil - Response Status: 200
2024-11-27 12:56:48.697 [pool-2-thread-1] INFO  com.umr.apitesting.utils.LoggerUtil - Executing keyword: VERIFY_STATUS
2024-11-27 12:56:48.698 [pool-2-thread-1] INFO  com.umr.apitesting.utils.LoggerUtil - Current context: null
2024-11-27 12:56:48.698 [pool-2-thread-1] INFO  com.umr.apitesting.utils.LoggerUtil - Executing keyword: VERIFY_STATUS
2024-11-27 12:56:48.700 [pool-2-thread-1] INFO  com.umr.apitesting.utils.LoggerUtil - Executing keyword: VERIFY_RESPONSE
2024-11-27 12:56:48.700 [pool-2-thread-1] INFO  com.umr.apitesting.utils.LoggerUtil - Current context: null
2024-11-27 12:56:48.700 [pool-2-thread-1] INFO  com.umr.apitesting.utils.LoggerUtil - Executing keyword: VERIFY_RESPONSE
2024-11-27 12:56:48.722 [pool-2-thread-1] INFO  com.umr.apitesting.utils.LoggerUtil - Response Body: {
  "userId": 1,
  "id": 1,
  "title": "sunt aut facere repellat provident occaecati excepturi optio reprehenderit",
  "body": "quia et suscipit\nsuscipit recusandae consequuntur expedita et cum\nreprehenderit molestiae ut ut quas totam\nnostrum rerum est autem sunt rem eveniet architecto"
}
2024-11-27 12:56:49.128 [pool-2-thread-1] INFO  com.umr.apitesting.utils.LoggerUtil - Extracted value for path title: sunt aut facere repellat provident occaecati excepturi optio reprehenderit
2024-11-27 12:56:49.129 [pool-2-thread-1] INFO  com.umr.apitesting.utils.LoggerUtil - Test TC001 PASSED
2024-11-27 12:56:49.129 [main] INFO  com.umr.apitesting.utils.LoggerUtil - 
=== Test Execution Summary ===
2024-11-27 12:56:49.130 [main] INFO  com.umr.apitesting.utils.LoggerUtil - Total Tests: 1
2024-11-27 12:56:49.130 [main] INFO  com.umr.apitesting.utils.LoggerUtil - Passed: 1
2024-11-27 12:56:49.130 [main] INFO  com.umr.apitesting.utils.LoggerUtil - Failed: 0
2024-11-27 12:56:49.131 [main] INFO  com.umr.apitesting.utils.LoggerUtil - Success Rate: 100.00%
2024-11-27 12:56:49.360 [main] INFO  com.umr.apitesting.utils.LoggerUtil - Detailed test report generated: reports/TestReport_20241127_125646.html
