<?xml version="1.0" encoding="UTF-8"?>
<testsuite xmlns:xsi="http://www.w3.org/2001/XMLSchema-instance" xsi:noNamespaceSchemaLocation="https://maven.apache.org/surefire/maven-surefire-plugin/xsd/surefire-test-report-3.0.xsd" version="3.0" name="TestSuite" time="2.364" tests="4" errors="0" skipped="0" failures="0">
  <properties>
[...]
</properties>
  <testcase name="testConfigurationLoading" classname="com.umr.apitesting.test.FrameworkSetupTest" time="0.004">
    <system-out><![CDATA[2024-11-22 19:03:36.429 [main] INFO  com.umr.apitesting.utils.LoggerUtil - Loaded configuration for environment: dev
2024-11-22 19:03:36.448 [main] INFO  com.umr.apitesting.utils.LoggerUtil - Successfully loaded base URL: https://dev-api.example.com
]]></system-out>
  </testcase>
  <testcase name="testRestClient" classname="com.umr.apitesting.test.FrameworkSetupTest" time="1.355">
    <system-out><![CDATA[2024-11-22 19:03:36.909 [main] INFO  com.umr.apitesting.utils.LoggerUtil - Executing GET request to https://jsonplaceholder.typicode.com/posts/1
2024-11-22 19:03:37.807 [main] INFO  com.umr.apitesting.utils.LoggerUtil - Response Status: 200
]]></system-out>
  </testcase>
  <testcase name="testTestContext" classname="com.umr.apitesting.test.FrameworkSetupTest" time="0.001"/>
  <testcase name="verifySetup" classname="com.umr.apitesting.test.SetupVerificationTest" time="0.076">
    <system-out><![CDATA[2024-11-22 19:03:37.812 [main] INFO  com.umr.apitesting.utils.LoggerUtil - Starting API test verification
2024-11-22 19:03:37.887 [main] INFO  com.umr.apitesting.utils.LoggerUtil - API test verification completed successfully
]]></system-out>
  </testcase>
</testsuite>