<?xml version="1.0" encoding="UTF-8"?>
<testng-results ignored="0" total="4" passed="4" failed="0" skipped="0">
  <reporter-output>
  </reporter-output>
  <suite started-at="2024-11-22T19:03:36 EST" name="Surefire suite" finished-at="2024-11-22T19:03:37 EST" duration-ms="1482">
    <groups>
    </groups>
    <test started-at="2024-11-22T19:03:36 EST" name="Surefire test" finished-at="2024-11-22T19:03:37 EST" duration-ms="1482">
      <class name="com.umr.apitesting.test.SetupVerificationTest">
        <test-method signature="verifySetup()[pri:0, instance:com.umr.apitesting.test.SetupVerificationTest@21005f6c]" started-at="2024-11-22T19:03:37 EST" name="verifySetup" finished-at="2024-11-22T19:03:37 EST" duration-ms="75" status="PASS">
          <reporter-output>
          </reporter-output>
        </test-method> <!-- verifySetup -->
      </class> <!-- com.umr.apitesting.test.SetupVerificationTest -->
      <class name="com.umr.apitesting.test.FrameworkSetupTest">
        <test-method is-config="true" signature="setup()[pri:0, instance:com.umr.apitesting.test.FrameworkSetupTest@5b58ed3c]" started-at="2024-11-22T19:03:36 EST" name="setup" finished-at="2024-11-22T19:03:36 EST" duration-ms="14" status="PASS">
          <reporter-output>
          </reporter-output>
        </test-method> <!-- setup -->
        <test-method signature="testConfigurationLoading()[pri:0, instance:com.umr.apitesting.test.FrameworkSetupTest@5b58ed3c]" started-at="2024-11-22T19:03:36 EST" name="testConfigurationLoading" finished-at="2024-11-22T19:03:36 EST" duration-ms="7" status="PASS">
          <reporter-output>
          </reporter-output>
        </test-method> <!-- testConfigurationLoading -->
        <test-method signature="testRestClient()[pri:0, instance:com.umr.apitesting.test.FrameworkSetupTest@5b58ed3c]" started-at="2024-11-22T19:03:36 EST" name="testRestClient" finished-at="2024-11-22T19:03:37 EST" duration-ms="1356" status="PASS">
          <reporter-output>
          </reporter-output>
        </test-method> <!-- testRestClient -->
        <test-method signature="testTestContext()[pri:0, instance:com.umr.apitesting.test.FrameworkSetupTest@5b58ed3c]" started-at="2024-11-22T19:03:37 EST" name="testTestContext" finished-at="2024-11-22T19:03:37 EST" duration-ms="1" status="PASS">
          <reporter-output>
          </reporter-output>
        </test-method> <!-- testTestContext -->
      </class> <!-- com.umr.apitesting.test.FrameworkSetupTest -->
    </test> <!-- Surefire test -->
  </suite> <!-- Surefire suite -->
</testng-results>
