<?xml version="1.0" encoding="UTF-8"?>
<testng-results ignored="0" total="3" passed="3" failed="0" skipped="0">
  <reporter-output>
  </reporter-output>
  <suite started-at="2024-11-22T19:03:46 EST" name="Default suite" finished-at="2024-11-22T19:03:47 EST" duration-ms="1369">
    <groups>
    </groups>
    <test started-at="2024-11-22T19:03:46 EST" name="Default test" finished-at="2024-11-22T19:03:47 EST" duration-ms="1369">
      <class name="com.umr.apitesting.test.FrameworkSetupTest">
        <test-method is-config="true" signature="setup()[pri:0, instance:com.umr.apitesting.test.FrameworkSetupTest@59aa20b3]" started-at="2024-11-22T19:03:46 EST" name="setup" finished-at="2024-11-22T19:03:46 EST" duration-ms="14" status="PASS">
          <reporter-output>
          </reporter-output>
        </test-method> <!-- setup -->
        <test-method signature="testConfigurationLoading()[pri:0, instance:com.umr.apitesting.test.FrameworkSetupTest@59aa20b3]" started-at="2024-11-22T19:03:46 EST" name="testConfigurationLoading" finished-at="2024-11-22T19:03:46 EST" duration-ms="9" status="PASS">
          <reporter-output>
          </reporter-output>
        </test-method> <!-- testConfigurationLoading -->
        <test-method signature="testRestClient()[pri:0, instance:com.umr.apitesting.test.FrameworkSetupTest@59aa20b3]" started-at="2024-11-22T19:03:46 EST" name="testRestClient" finished-at="2024-11-22T19:03:47 EST" duration-ms="1303" status="PASS">
          <reporter-output>
          </reporter-output>
        </test-method> <!-- testRestClient -->
        <test-method signature="testTestContext()[pri:0, instance:com.umr.apitesting.test.FrameworkSetupTest@59aa20b3]" started-at="2024-11-22T19:03:47 EST" name="testTestContext" finished-at="2024-11-22T19:03:47 EST" duration-ms="2" status="PASS">
          <reporter-output>
          </reporter-output>
        </test-method> <!-- testTestContext -->
      </class> <!-- com.umr.apitesting.test.FrameworkSetupTest -->
    </test> <!-- Default test -->
  </suite> <!-- Default suite -->
</testng-results>
